<?xml version="1.0" encoding="utf-8"?><testsuites name="pytest tests"><testsuite name="pytest" errors="0" failures="0" skipped="0" tests="17" time="72.204" timestamp="2026-01-28T05:23:13.216892+01:00" hostname="maikworkstatio"><testcase classname="tests.ui.test_no_entry_workflow.TestNoEntryWorkflowUI" name="test_no_entry_tab_exists" time="15.845" /><testcase classname="tests.ui.test_no_entry_workflow.TestNoEntryWorkflowUI" name="test_no_entry_tab_order" time="0.003" /><testcase classname="tests.ui.test_no_entry_workflow.TestNoEntryWorkflowUI" name="test_no_entry_editor_functional" time="0.003" /><testcase classname="tests.ui.test_no_entry_workflow.TestNoEntryWorkflowAIHelper" name="test_workflow_descriptions_has_no_entry" time="0.001" /><testcase classname="tests.ui.test_no_entry_workflow.TestNoEntryWorkflowAIHelper" name="test_no_entry_ai_generation_prompt" time="0.001" /><testcase classname="tests.ui.test_no_entry_workflow.TestNoEntryWorkflowJSON" name="test_no_entry_save_load" time="0.006" /><testcase classname="tests.ui.test_no_entry_workflow.TestNoEntryWorkflowJSON" name="test_no_entry_empty_expression" time="0.003" /><testcase classname="tests.ui.test_no_entry_workflow.TestNoEntryWorkflowJSON" name="test_no_entry_complex_expression" time="0.003" /><testcase classname="tests.ui.test_no_entry_workflow.TestNoEntryWorkflowValidation" name="test_no_entry_validation_success" time="0.003" /><testcase classname="tests.ui.test_no_entry_workflow.TestNoEntryWorkflowValidation" name="test_no_entry_validation_failure" time="0.002" /><testcase classname="tests.ui.test_no_entry_workflow.TestNoEntryWorkflowValidation" name="test_no_entry_validation_empty_code" time="0.002" /><testcase classname="tests.ui.test_no_entry_workflow.TestNoEntryWorkflowIntegration" name="test_all_workflows_present" time="0.002" /><testcase classname="tests.ui.test_no_entry_workflow.TestNoEntryWorkflowIntegration" name="test_strategy_data_structure" time="0.002" /><testcase classname="tests.ui.test_no_entry_workflow.TestNoEntryWorkflowIntegration" name="test_no_entry_default_state" time="0.002" /><testcase classname="tests.ui.test_no_entry_workflow.TestNoEntryWorkflowIntegration" name="test_workflow_switching" time="0.002" /><testcase classname="tests.ui.test_no_entry_workflow.TestNoEntryWorkflowModificationFlag" name="test_modification_flag_on_no_entry_change" time="0.002" /><testcase classname="tests.ui.test_no_entry_workflow" name="test_no_entry_workflow_summary" time="0.001" /></testsuite></testsuites>